<?xml version="1.0" encoding="UTF-8"?>
<!-- Generated by org.testng.reporters.JUnitReportReporter -->
<testsuite hostname="DESKTOP-1MD18DL" failures="0" tests="1" name="testCases.TC001_AccountRegistrationTest" time="2.590" errors="0" timestamp="2025-07-23T16:09:16 IST" skipped="0">
  <testcase classname="testCases.TC001_AccountRegistrationTest" name="verify_account_registration" time="2.590"/>
</testsuite> <!-- testCases.TC001_AccountRegistrationTest -->
