<?xml version="1.0" encoding="UTF-8"?>
<!-- Generated by org.testng.reporters.JUnitReportReporter -->
<testsuite hostname="DESKTOP-1MD18DL" failures="0" tests="1" name="testCases.TC002_LoginTest" time="2.167" errors="0" timestamp="2025-08-13T17:38:21 IST" skipped="0">
  <testcase classname="testCases.TC002_LoginTest" name="verify_login" time="2.167"/>
</testsuite> <!-- testCases.TC002_LoginTest -->
