<?xml version="1.0" encoding="UTF-8"?>
<!-- Generated by org.testng.reporters.JUnitReportReporter -->
<testsuite hostname="DESKTOP-1MD18DL" failures="0" tests="1" name="testCases.TC001_AccountRegistrationTest" time="4.181" errors="0" timestamp="2025-08-13T17:38:21 IST" skipped="0">
  <testcase classname="testCases.TC001_AccountRegistrationTest" name="verify_account_registration" time="4.181"/>
</testsuite> <!-- testCases.TC001_AccountRegistrationTest -->
