<?xml version="1.0" encoding="UTF-8"?>
<!-- Generated by org.testng.reporters.JUnitReportReporter -->
<testsuite hostname="DESKTOP-1MD18DL" failures="0" tests="1" name="testCases.TC001_AccountRegistrationTest" time="2.451" errors="0" timestamp="2025-08-13T19:00:37 IST" skipped="0">
  <testcase classname="testCases.TC001_AccountRegistrationTest" name="verify_account_registration" time="2.451"/>
</testsuite> <!-- testCases.TC001_AccountRegistrationTest -->
