<?xml version="1.0" encoding="UTF-8"?>
<!-- Generated by org.testng.reporters.JUnitReportReporter -->
<testsuite hostname="DESKTOP-1MD18DL" failures="0" tests="1" name="testCases.TC002_LoginTest" time="1.599" errors="0" timestamp="2025-07-24T14:40:57 IST" skipped="0">
  <testcase classname="testCases.TC002_LoginTest" name="verify_login" time="1.599"/>
</testsuite> <!-- testCases.TC002_LoginTest -->
